<?xml version="1.0" encoding="UTF-8"?>
<testng-results skipped="0" failed="0" ignored="0" total="1" passed="1">
  <reporter-output>
  </reporter-output>
  <suite name="Default suite" duration-ms="8830" started-at="2020-11-13T16:55:29Z" finished-at="2020-11-13T16:55:38Z">
    <groups>
    </groups>
    <test name="Default test" duration-ms="8830" started-at="2020-11-13T16:55:29Z" finished-at="2020-11-13T16:55:38Z">
      <class name="automationTesting.XYZProject.feature1.YahooTest">
        <test-method status="PASS" signature="googleTest()[pri:0, instance:automationTesting.XYZProject.feature1.YahooTest@2a2d45ba]" name="googleTest" duration-ms="8662" started-at="2020-11-13T16:55:30Z" finished-at="2020-11-13T16:55:38Z">
          <reporter-output>
          </reporter-output>
        </test-method> <!-- googleTest -->
      </class> <!-- automationTesting.XYZProject.feature1.YahooTest -->
    </test> <!-- Default test -->
  </suite> <!-- Default suite -->
</testng-results>
